<?xml version="1.0" encoding="UTF-8"?>
<testsuite name="DeploymentUtilsTest" tests="1" skipped="0" failures="0" errors="0" timestamp="2016-09-30T04:41:48" hostname="A02508" time="0.007">
  <properties/>
  <testcase name="testStringSantitise1" classname="DeploymentUtilsTest" time="0.007"/>
  <system-out><![CDATA[]]></system-out>
  <system-err><![CDATA[]]></system-err>
</testsuite>
